<?xml version="1.0" encoding="UTF-8"?>
<!-- Generated by org.testng.reporters.JUnitXMLReporter -->
<testsuite ignored="0" hostname="Tanya-PC" failures="0" tests="10" name="Surefire test" time="23.021" errors="0" timestamp="2024-03-11T15:21:43 IST">
  <testcase classname="apiTests.DDTests" name="createUserTest" time="3.634"/>
  <testcase classname="apiTests.DDTests" name="createUserTest" time="1.738"/>
  <testcase classname="apiTests.DDTests" name="createUserTest" time="1.727"/>
  <testcase classname="apiTests.DDTests" name="deleteUserTest" time="1.65"/>
  <testcase classname="apiTests.DDTests" name="deleteUserTest" time="1.726"/>
  <testcase classname="apiTests.DDTests" name="deleteUserTest" time="1.627"/>
  <testcase classname="apiTests.UserTests" name="createUser" time="1.813"/>
  <testcase classname="apiTests.UserTests" name="getUser" time="1.87"/>
  <testcase classname="apiTests.UserTests" name="updateUser" time="3.283"/>
  <testcase classname="apiTests.UserTests" name="deleteuser" time="1.61"/>
</testsuite> <!-- Surefire test -->
