<?xml version="1.0" encoding="UTF-8"?>
<!-- Generated by org.testng.reporters.JUnitXMLReporter -->
<testsuite ignored="0" hostname="Tanya-PC" failures="0" tests="6" name="Default test" time="14.157" errors="0" timestamp="2024-03-11T01:07:32 IST">
  <testcase classname="apiTests.DDTests" name="createUserTest" time="3.451"/>
  <testcase classname="apiTests.DDTests" name="createUserTest" time="1.905"/>
  <testcase classname="apiTests.DDTests" name="createUserTest" time="1.828"/>
  <testcase classname="apiTests.DDTests" name="deleteUserTest" time="1.767"/>
  <testcase classname="apiTests.DDTests" name="deleteUserTest" time="1.995"/>
  <testcase classname="apiTests.DDTests" name="deleteUserTest" time="1.887"/>
</testsuite> <!-- Default test -->
