<?xml version="1.0" encoding="UTF-8"?>
<!-- Generated by org.testng.reporters.JUnitXMLReporter -->
<testsuite ignored="0" hostname="Tanya-PC" failures="0" tests="4" name="Test" time="11.439" errors="0" timestamp="2024-03-11T15:23:15 IST">
  <testcase classname="apiTests.UserTestsproperties" name="createUser" time="3.256"/>
  <testcase classname="apiTests.UserTestsproperties" name="getUser" time="1.808"/>
  <testcase classname="apiTests.UserTestsproperties" name="updateUser" time="3.478"/>
  <testcase classname="apiTests.UserTestsproperties" name="deleteuser" time="1.618"/>
</testsuite> <!-- Test -->
