<?xml version="1.0" encoding="UTF-8"?>
<!-- Generated by org.testng.reporters.JUnitXMLReporter -->
<testsuite ignored="0" hostname="Tanya-PC" failures="0" tests="4" name="Test" time="12.983" errors="0" timestamp="2024-03-11T15:42:51 IST">
  <testcase classname="apiTests.UserTestsproperties" name="createUser" time="4.362"/>
  <testcase classname="apiTests.UserTestsproperties" name="getUser" time="1.686"/>
  <testcase classname="apiTests.UserTestsproperties" name="updateUser" time="3.524"/>
  <testcase classname="apiTests.UserTestsproperties" name="deleteuser" time="1.768"/>
</testsuite> <!-- Test -->
