<?xml version="1.0" encoding="UTF-8"?>
<testng-results ignored="0" total="4" passed="4" failed="0" skipped="0">
  <reporter-output>
  </reporter-output>
  <suite started-at="2024-03-11T15:42:37 IST" name="Suite" finished-at="2024-03-11T15:42:50 IST" duration-ms="12983">
    <groups>
    </groups>
    <test started-at="2024-03-11T15:42:37 IST" name="Test" finished-at="2024-03-11T15:42:50 IST" duration-ms="12983">
      <class name="apiTests.UserTestsproperties">
        <test-method is-config="true" signature="setUp()[pri:0, instance:apiTests.UserTestsproperties@6989da5e]" started-at="2024-03-11T15:42:38 IST" name="setUp" finished-at="2024-03-11T15:42:39 IST" duration-ms="1269" status="PASS">
          <reporter-output>
          </reporter-output>
        </test-method> <!-- setUp -->
        <test-method signature="createUser()[pri:1, instance:apiTests.UserTestsproperties@6989da5e]" started-at="2024-03-11T15:42:39 IST" name="createUser" finished-at="2024-03-11T15:42:43 IST" duration-ms="4362" status="PASS">
          <reporter-output>
          </reporter-output>
        </test-method> <!-- createUser -->
        <test-method signature="getUser()[pri:2, instance:apiTests.UserTestsproperties@6989da5e]" started-at="2024-03-11T15:42:43 IST" name="getUser" finished-at="2024-03-11T15:42:45 IST" duration-ms="1686" status="PASS">
          <reporter-output>
          </reporter-output>
        </test-method> <!-- getUser -->
        <test-method signature="updateUser()[pri:3, instance:apiTests.UserTestsproperties@6989da5e]" started-at="2024-03-11T15:42:45 IST" name="updateUser" finished-at="2024-03-11T15:42:48 IST" duration-ms="3524" status="PASS">
          <reporter-output>
          </reporter-output>
        </test-method> <!-- updateUser -->
        <test-method signature="deleteuser()[pri:4, instance:apiTests.UserTestsproperties@6989da5e]" started-at="2024-03-11T15:42:48 IST" name="deleteuser" finished-at="2024-03-11T15:42:50 IST" duration-ms="1768" status="PASS">
          <reporter-output>
          </reporter-output>
        </test-method> <!-- deleteuser -->
      </class> <!-- apiTests.UserTestsproperties -->
    </test> <!-- Test -->
  </suite> <!-- Suite -->
</testng-results>
