<?xml version="1.0" encoding="UTF-8"?>
<testng-results ignored="0" total="4" passed="4" failed="0" skipped="0">
  <reporter-output>
  </reporter-output>
  <suite started-at="2024-03-11T15:23:04 IST" name="Suite" finished-at="2024-03-11T15:23:15 IST" duration-ms="11439">
    <groups>
    </groups>
    <test started-at="2024-03-11T15:23:04 IST" name="Test" finished-at="2024-03-11T15:23:15 IST" duration-ms="11439">
      <class name="apiTests.UserTestsproperties">
        <test-method is-config="true" signature="setUp()[pri:0, instance:apiTests.UserTestsproperties@1f59a598]" started-at="2024-03-11T15:23:04 IST" name="setUp" finished-at="2024-03-11T15:23:05 IST" duration-ms="846" status="PASS">
          <reporter-output>
          </reporter-output>
        </test-method> <!-- setUp -->
        <test-method signature="createUser()[pri:1, instance:apiTests.UserTestsproperties@1f59a598]" started-at="2024-03-11T15:23:05 IST" name="createUser" finished-at="2024-03-11T15:23:08 IST" duration-ms="3256" status="PASS">
          <reporter-output>
          </reporter-output>
        </test-method> <!-- createUser -->
        <test-method signature="getUser()[pri:2, instance:apiTests.UserTestsproperties@1f59a598]" started-at="2024-03-11T15:23:08 IST" name="getUser" finished-at="2024-03-11T15:23:10 IST" duration-ms="1808" status="PASS">
          <reporter-output>
          </reporter-output>
        </test-method> <!-- getUser -->
        <test-method signature="updateUser()[pri:3, instance:apiTests.UserTestsproperties@1f59a598]" started-at="2024-03-11T15:23:10 IST" name="updateUser" finished-at="2024-03-11T15:23:13 IST" duration-ms="3478" status="PASS">
          <reporter-output>
          </reporter-output>
        </test-method> <!-- updateUser -->
        <test-method signature="deleteuser()[pri:4, instance:apiTests.UserTestsproperties@1f59a598]" started-at="2024-03-11T15:23:13 IST" name="deleteuser" finished-at="2024-03-11T15:23:15 IST" duration-ms="1618" status="PASS">
          <reporter-output>
          </reporter-output>
        </test-method> <!-- deleteuser -->
      </class> <!-- apiTests.UserTestsproperties -->
    </test> <!-- Test -->
  </suite> <!-- Suite -->
</testng-results>
